<?xml version="1.0" encoding="UTF-8"?>
<!-- Generated by org.testng.reporters.JUnitReportReporter -->
<testsuite hostname="LENOVO" failures="0" tests="16" name="testNgsequenceofTest.InvocationCount" time="0.019" errors="0" timestamp="2022-08-17T15:44:13 IST" skipped="0">
  <testcase classname="testNgsequenceofTest.InvocationCount" name="write" time="0.000"/>
  <system-out/>
  <testcase classname="testNgsequenceofTest.InvocationCount" name="read" time="0.007"/>
  <system-out/>
  <testcase classname="testNgsequenceofTest.InvocationCount" name="read" time="0.000"/>
  <system-out/>
  <testcase classname="testNgsequenceofTest.InvocationCount" name="write" time="0.001"/>
  <system-out/>
  <testcase classname="testNgsequenceofTest.InvocationCount" name="read" time="0.003"/>
  <system-out/>
  <testcase classname="testNgsequenceofTest.InvocationCount" name="write" time="0.001"/>
  <system-out/>
  <testcase classname="testNgsequenceofTest.InvocationCount" name="write" time="0.002"/>
  <system-out/>
  <testcase classname="testNgsequenceofTest.InvocationCount" name="write" time="0.000"/>
  <system-out/>
  <testcase classname="testNgsequenceofTest.InvocationCount" name="read" time="0.000"/>
  <system-out/>
  <testcase classname="testNgsequenceofTest.InvocationCount" name="read" time="0.000"/>
  <system-out/>
  <testcase classname="testNgsequenceofTest.InvocationCount" name="write" time="0.000"/>
  <system-out/>
  <testcase classname="testNgsequenceofTest.InvocationCount" name="write" time="0.002"/>
  <system-out/>
  <testcase classname="testNgsequenceofTest.InvocationCount" name="read" time="0.000"/>
  <system-out/>
  <testcase classname="testNgsequenceofTest.InvocationCount" name="write" time="0.002"/>
  <system-out/>
  <testcase classname="testNgsequenceofTest.InvocationCount" name="write" time="0.000"/>
  <system-out/>
  <testcase classname="testNgsequenceofTest.InvocationCount" name="write" time="0.001"/>
  <system-out/>
</testsuite> <!-- testNgsequenceofTest.InvocationCount -->
