<?xml version="1.0" encoding="UTF-8"?>
<!-- Generated by org.testng.reporters.JUnitReportReporter -->
<testsuite hostname="LENOVO" failures="0" tests="3" name="testNgsequenceofTest.EnableCheck" time="0.013" errors="0" timestamp="2022-08-22T22:26:41 IST" skipped="1">
  <testcase classname="testNgsequenceofTest.EnableCheck" name="login" time="0.010"/>
  <system-out/>
  <testcase classname="testNgsequenceofTest.EnableCheck" name="feed" time="0.003"/>
  <system-out/>
  <testcase classname="testNgsequenceofTest.EnableCheck" name="home">
    <skipped/>
  </testcase> <!-- home -->
  <system-out/>
</testsuite> <!-- testNgsequenceofTest.EnableCheck -->
