<?xml version="1.0" encoding="UTF-8"?>
<!-- Generated by org.testng.reporters.JUnitReportReporter -->
<testsuite hostname="LENOVO" failures="0" tests="3" name="testNgPractice.EnabledCheck" time="0.014" errors="0" timestamp="2022-08-22T22:32:31 IST" skipped="1">
  <testcase classname="testNgPractice.EnabledCheck" name="Login" time="0.011"/>
  <system-out/>
  <testcase classname="testNgPractice.EnabledCheck" name="logout" time="0.003"/>
  <system-out/>
  <testcase classname="testNgPractice.EnabledCheck" name="home">
    <skipped/>
  </testcase> <!-- home -->
  <system-out/>
</testsuite> <!-- testNgPractice.EnabledCheck -->
