<?xml version="1.0" encoding="UTF-8"?>
<!-- Generated by org.testng.reporters.JUnitReportReporter -->
<testsuite hostname="LENOVO" failures="0" tests="1" name="testNgsequenceofTest.AnnotationSequence" time="0.029" errors="0" timestamp="2022-08-17T15:44:13 IST" skipped="0">
  <testcase classname="testNgsequenceofTest.AnnotationSequence" name="test" time="0.029"/>
  <system-out/>
</testsuite> <!-- testNgsequenceofTest.AnnotationSequence -->
