<?xml version="1.0" encoding="UTF-8"?>
<!-- Generated by org.testng.reporters.JUnitReportReporter -->
<testsuite hostname="LENOVO" failures="0" tests="4" name="testNgsequenceofTest.CheckSequence" time="0.004" errors="0" timestamp="2022-08-17T15:44:13 IST" skipped="0">
  <testcase classname="testNgsequenceofTest.CheckSequence" name="testcase4" time="0.000"/>
  <system-out>
    <![CDATA[Checking reporter]]>
  </system-out>
  <testcase classname="testNgsequenceofTest.CheckSequence" name="testcase3" time="0.000"/>
  <system-out/>
  <testcase classname="testNgsequenceofTest.CheckSequence" name="testcase1" time="0.001"/>
  <system-out/>
  <testcase classname="testNgsequenceofTest.CheckSequence" name="atestcase2" time="0.003"/>
  <system-out/>
</testsuite> <!-- testNgsequenceofTest.CheckSequence -->
