<?xml version="1.0" encoding="UTF-8"?>
<!-- Generated by org.testng.reporters.JUnitReportReporter -->
<testsuite hostname="LENOVO" failures="0" tests="2" name="testNgPractice.GroupsTesst" time="0.109" errors="0" timestamp="2022-08-22T23:28:49 IST" skipped="0">
  <testcase classname="testNgPractice.GroupsTesst" name="verifyUrlOfPage" time="0.024"/>
  <system-out/>
  <testcase classname="testNgPractice.GroupsTesst" name="VerifyTitleOfPage" time="0.085"/>
  <system-out/>
</testsuite> <!-- testNgPractice.GroupsTesst -->
