<?xml version="1.0" encoding="UTF-8"?>
<!-- Generated by org.testng.reporters.JUnitReportReporter -->
<testsuite hostname="LENOVO" failures="0" tests="2" name="testNgsequenceofTest.GroupsTest" time="0.140" errors="0" timestamp="2022-08-18T16:43:30 IST" skipped="0">
  <testcase classname="testNgsequenceofTest.GroupsTest" name="VerifyTitleOfPage" time="0.121"/>
  <system-out/>
  <testcase classname="testNgsequenceofTest.GroupsTest" name="verifyUrlOfPage" time="0.019"/>
  <system-out/>
</testsuite> <!-- testNgsequenceofTest.GroupsTest -->
