<?xml version="1.0" encoding="UTF-8"?>
<!-- Generated by org.testng.reporters.JUnitReportReporter -->
<testsuite hostname="LENOVO" failures="0" tests="4" name="testNgsequenceofTest.GroupsSuit" time="0.339" errors="0" timestamp="2022-08-24T14:13:38 IST" skipped="0">
  <testcase classname="testNgsequenceofTest.GroupsSuit" name="verifyUrlOfPage" time="0.036"/>
  <system-out/>
  <testcase classname="testNgsequenceofTest.GroupsSuit" name="VerifyTitleOfPage" time="0.065"/>
  <system-out/>
  <testcase classname="testNgsequenceofTest.GroupsSuit" name="verifyTopIconTopOfferIsDisplayed" time="0.181"/>
  <system-out/>
  <testcase classname="testNgsequenceofTest.GroupsSuit" name="verifyTopIconGroceryIsDisplayed" time="0.057"/>
  <system-out/>
</testsuite> <!-- testNgsequenceofTest.GroupsSuit -->
