<?xml version="1.0" encoding="UTF-8"?>
<!-- Generated by org.testng.reporters.JUnitReportReporter -->
<testsuite hostname="LENOVO" failures="0" tests="2" name="testNgsequenceofTest.CheckSoftAssert" time="0.168" errors="0" timestamp="2022-08-18T13:51:54 IST" skipped="0">
  <testcase classname="testNgsequenceofTest.CheckSoftAssert" name="verifyUrlOfPage" time="0.021"/>
  <system-out/>
  <testcase classname="testNgsequenceofTest.CheckSoftAssert" name="VerifyTitleOfPage" time="0.147"/>
  <system-out/>
</testsuite> <!-- testNgsequenceofTest.CheckSoftAssert -->
